Determining if the pthread_create exist failed with the following output:
Change Dir: /home/solaris/catkin_ws/src/hexacopter_class/plugin_gazebo/target/build/CMakeFiles/CMakeTmp

Run Build Command:/usr/bin/make "cmTryCompileExec3735408229/fast"
/usr/bin/make -f CMakeFiles/cmTryCompileExec3735408229.dir/build.make CMakeFiles/cmTryCompileExec3735408229.dir/build
make[1]: ingresso nella directory "/home/solaris/catkin_ws/src/hexacopter_class/plugin_gazebo/target/build/CMakeFiles/CMakeTmp"
/usr/bin/cmake -E cmake_progress_report /home/solaris/catkin_ws/src/hexacopter_class/plugin_gazebo/target/build/CMakeFiles/CMakeTmp/CMakeFiles 1
Building C object CMakeFiles/cmTryCompileExec3735408229.dir/CheckSymbolExists.c.o
/usr/bin/cc    -o CMakeFiles/cmTryCompileExec3735408229.dir/CheckSymbolExists.c.o   -c /home/solaris/catkin_ws/src/hexacopter_class/plugin_gazebo/target/build/CMakeFiles/CMakeTmp/CheckSymbolExists.c
Linking C executable cmTryCompileExec3735408229
/usr/bin/cmake -E cmake_link_script CMakeFiles/cmTryCompileExec3735408229.dir/link.txt --verbose=1
/usr/bin/cc       CMakeFiles/cmTryCompileExec3735408229.dir/CheckSymbolExists.c.o  -o cmTryCompileExec3735408229 -rdynamic 
CMakeFiles/cmTryCompileExec3735408229.dir/CheckSymbolExists.c.o: nella funzione "main":
CheckSymbolExists.c:(.text+0x16): riferimento non definito a "pthread_create"
collect2: error: ld returned 1 exit status
make[1]: uscita dalla directory "/home/solaris/catkin_ws/src/hexacopter_class/plugin_gazebo/target/build/CMakeFiles/CMakeTmp"
make[1]: *** [cmTryCompileExec3735408229] Errore 1
make: *** [cmTryCompileExec3735408229/fast] Errore 2

File /home/solaris/catkin_ws/src/hexacopter_class/plugin_gazebo/target/build/CMakeFiles/CMakeTmp/CheckSymbolExists.c:
/* */
#include <pthread.h>

int main(int argc, char** argv)
{
  (void)argv;
#ifndef pthread_create
  return ((int*)(&pthread_create))[argc];
#else
  (void)argc;
  return 0;
#endif
}

Determining if the function pthread_create exists in the pthreads failed with the following output:
Change Dir: /home/solaris/catkin_ws/src/hexacopter_class/plugin_gazebo/target/build/CMakeFiles/CMakeTmp

Run Build Command:/usr/bin/make "cmTryCompileExec1642009571/fast"
/usr/bin/make -f CMakeFiles/cmTryCompileExec1642009571.dir/build.make CMakeFiles/cmTryCompileExec1642009571.dir/build
make[1]: ingresso nella directory "/home/solaris/catkin_ws/src/hexacopter_class/plugin_gazebo/target/build/CMakeFiles/CMakeTmp"
/usr/bin/cmake -E cmake_progress_report /home/solaris/catkin_ws/src/hexacopter_class/plugin_gazebo/target/build/CMakeFiles/CMakeTmp/CMakeFiles 1
Building C object CMakeFiles/cmTryCompileExec1642009571.dir/CheckFunctionExists.c.o
/usr/bin/cc   -DCHECK_FUNCTION_EXISTS=pthread_create   -o CMakeFiles/cmTryCompileExec1642009571.dir/CheckFunctionExists.c.o   -c /usr/share/cmake-2.8/Modules/CheckFunctionExists.c
Linking C executable cmTryCompileExec1642009571
/usr/bin/cmake -E cmake_link_script CMakeFiles/cmTryCompileExec1642009571.dir/link.txt --verbose=1
/usr/bin/cc   -DCHECK_FUNCTION_EXISTS=pthread_create    CMakeFiles/cmTryCompileExec1642009571.dir/CheckFunctionExists.c.o  -o cmTryCompileExec1642009571 -rdynamic -lpthreads 
/usr/bin/ld: impossibile trovare -lpthreads
collect2: error: ld returned 1 exit status
make[1]: uscita dalla directory "/home/solaris/catkin_ws/src/hexacopter_class/plugin_gazebo/target/build/CMakeFiles/CMakeTmp"
make[1]: *** [cmTryCompileExec1642009571] Errore 1
make: *** [cmTryCompileExec1642009571/fast] Errore 2


