Determining if the pthread_create exist failed with the following output:
Change Dir: /home/solaris/catkin_ws/src/hexacopter_class/plugin_gazebo/build/CMakeFiles/CMakeTmp

Run Build Command:/usr/bin/make "cmTryCompileExec4162872950/fast"
/usr/bin/make -f CMakeFiles/cmTryCompileExec4162872950.dir/build.make CMakeFiles/cmTryCompileExec4162872950.dir/build
make[1]: ingresso nella directory "/home/solaris/catkin_ws/src/hexacopter_class/plugin_gazebo/build/CMakeFiles/CMakeTmp"
/usr/bin/cmake -E cmake_progress_report /home/solaris/catkin_ws/src/hexacopter_class/plugin_gazebo/build/CMakeFiles/CMakeTmp/CMakeFiles 1
Building C object CMakeFiles/cmTryCompileExec4162872950.dir/CheckSymbolExists.c.o
/usr/bin/cc    -o CMakeFiles/cmTryCompileExec4162872950.dir/CheckSymbolExists.c.o   -c /home/solaris/catkin_ws/src/hexacopter_class/plugin_gazebo/build/CMakeFiles/CMakeTmp/CheckSymbolExists.c
Linking C executable cmTryCompileExec4162872950
/usr/bin/cmake -E cmake_link_script CMakeFiles/cmTryCompileExec4162872950.dir/link.txt --verbose=1
/usr/bin/cc       CMakeFiles/cmTryCompileExec4162872950.dir/CheckSymbolExists.c.o  -o cmTryCompileExec4162872950 -rdynamic 
CMakeFiles/cmTryCompileExec4162872950.dir/CheckSymbolExists.c.o: nella funzione "main":
CheckSymbolExists.c:(.text+0x16): riferimento non definito a "pthread_create"
collect2: error: ld returned 1 exit status
make[1]: uscita dalla directory "/home/solaris/catkin_ws/src/hexacopter_class/plugin_gazebo/build/CMakeFiles/CMakeTmp"
make[1]: *** [cmTryCompileExec4162872950] Errore 1
make: *** [cmTryCompileExec4162872950/fast] Errore 2

File /home/solaris/catkin_ws/src/hexacopter_class/plugin_gazebo/build/CMakeFiles/CMakeTmp/CheckSymbolExists.c:
/* */
#include <pthread.h>

int main(int argc, char** argv)
{
  (void)argv;
#ifndef pthread_create
  return ((int*)(&pthread_create))[argc];
#else
  (void)argc;
  return 0;
#endif
}

Determining if the function pthread_create exists in the pthreads failed with the following output:
Change Dir: /home/solaris/catkin_ws/src/hexacopter_class/plugin_gazebo/build/CMakeFiles/CMakeTmp

Run Build Command:/usr/bin/make "cmTryCompileExec3410615808/fast"
/usr/bin/make -f CMakeFiles/cmTryCompileExec3410615808.dir/build.make CMakeFiles/cmTryCompileExec3410615808.dir/build
make[1]: ingresso nella directory "/home/solaris/catkin_ws/src/hexacopter_class/plugin_gazebo/build/CMakeFiles/CMakeTmp"
/usr/bin/cmake -E cmake_progress_report /home/solaris/catkin_ws/src/hexacopter_class/plugin_gazebo/build/CMakeFiles/CMakeTmp/CMakeFiles 1
Building C object CMakeFiles/cmTryCompileExec3410615808.dir/CheckFunctionExists.c.o
/usr/bin/cc   -DCHECK_FUNCTION_EXISTS=pthread_create   -o CMakeFiles/cmTryCompileExec3410615808.dir/CheckFunctionExists.c.o   -c /usr/share/cmake-2.8/Modules/CheckFunctionExists.c
Linking C executable cmTryCompileExec3410615808
/usr/bin/cmake -E cmake_link_script CMakeFiles/cmTryCompileExec3410615808.dir/link.txt --verbose=1
/usr/bin/cc   -DCHECK_FUNCTION_EXISTS=pthread_create    CMakeFiles/cmTryCompileExec3410615808.dir/CheckFunctionExists.c.o  -o cmTryCompileExec3410615808 -rdynamic -lpthreads 
/usr/bin/ld: impossibile trovare -lpthreads
collect2: error: ld returned 1 exit status
make[1]: uscita dalla directory "/home/solaris/catkin_ws/src/hexacopter_class/plugin_gazebo/build/CMakeFiles/CMakeTmp"
make[1]: *** [cmTryCompileExec3410615808] Errore 1
make: *** [cmTryCompileExec3410615808/fast] Errore 2


